[2020-10-26T21:25:16.496] [DEBUG] cheese - login => username:admin,password:123456
[2020-10-26T21:25:16.504] [DEBUG] cheese - admin
[2020-10-26T21:25:16.905] [DEBUG] cheese - null
[2020-10-26T21:25:16.907] [DEBUG] cheese - null
[2020-10-26T21:25:41.829] [DEBUG] cheese - login => username:admin,password:123456
[2020-10-26T21:25:41.830] [DEBUG] cheese - admin
[2020-10-26T21:25:41.833] [DEBUG] cheese - null
[2020-10-26T21:25:41.834] [DEBUG] cheese - null
[2020-10-30T15:54:45.487] [DEBUG] cheese - null
[2020-10-30T15:56:21.186] [DEBUG] cheese - null
[2020-10-30T15:56:51.854] [DEBUG] cheese - null
[2020-10-30T15:58:25.782] [DEBUG] cheese - null
[2020-10-30T15:58:47.691] [DEBUG] cheese - null
[2020-10-30T15:59:11.523] [DEBUG] cheese - null
[2020-10-30T15:59:46.499] [DEBUG] cheese - null
[2020-10-30T16:00:18.148] [DEBUG] cheese - null
[2020-10-30T16:01:36.293] [DEBUG] cheese - null
[2020-10-30T16:03:43.488] [DEBUG] cheese - null
[2020-10-30T16:03:58.021] [DEBUG] cheese - null
[2020-10-30T16:18:04.519] [DEBUG] cheese - null
[2020-10-30T16:19:15.582] [DEBUG] cheese - null
[2020-10-30T16:20:21.555] [DEBUG] cheese - null
[2020-10-30T16:20:28.889] [DEBUG] cheese - null
[2020-10-30T16:21:00.737] [DEBUG] cheese - null
[2020-10-30T16:24:52.980] [DEBUG] cheese - null
[2020-10-30T16:29:25.558] [DEBUG] cheese - null
[2020-10-30T16:30:10.974] [DEBUG] cheese - null
[2020-10-30T16:30:19.426] [DEBUG] cheese - null
[2020-10-30T16:31:21.806] [DEBUG] cheese - null
[2020-10-30T16:35:37.080] [DEBUG] cheese - null
[2020-10-30T16:36:58.720] [DEBUG] cheese - null
[2020-10-30T16:42:12.322] [DEBUG] cheese - null
[2020-10-30T16:42:27.153] [DEBUG] cheese - null
[2020-10-30T16:47:26.939] [DEBUG] cheese - null
[2020-10-30T16:48:41.172] [DEBUG] cheese - null
[2020-10-30T16:49:28.389] [DEBUG] cheese - null
[2020-10-30T16:51:05.966] [DEBUG] cheese - null
[2020-10-30T17:05:37.315] [DEBUG] cheese - null
[2020-10-30T17:09:22.769] [DEBUG] cheese - null
[2020-10-30T17:10:22.529] [DEBUG] cheese - null
[2020-10-30T17:10:52.632] [DEBUG] cheese - null
[2020-10-30T17:11:49.270] [DEBUG] cheese - null
[2020-10-30T17:12:13.143] [DEBUG] cheese - null
[2020-10-30T17:12:31.869] [DEBUG] cheese - null
[2020-10-30T17:12:34.276] [DEBUG] cheese - null
[2020-10-30T17:12:42.615] [DEBUG] cheese - null
[2020-10-30T17:12:50.746] [DEBUG] cheese - null
[2020-10-30T17:13:43.244] [DEBUG] cheese - null
[2021-09-28T08:57:33.578] [DEBUG] cheese - login => username:admin,password:123456
[2021-09-28T08:57:33.579] [DEBUG] cheese - admin
[2021-09-28T08:57:33.601] [DEBUG] cheese - { inspect: [Function: inspect] }
[2021-09-28T08:57:33.603] [DEBUG] cheese - 查询失败
[2021-09-28T08:57:34.752] [DEBUG] cheese - login => username:admin,password:123456
[2021-09-28T08:57:34.752] [DEBUG] cheese - admin
[2021-09-28T08:57:34.757] [DEBUG] cheese - { inspect: [Function: inspect] }
[2021-09-28T08:57:34.757] [DEBUG] cheese - 查询失败
[2021-09-28T08:57:51.086] [DEBUG] cheese - login => username:admin,password:123456
[2021-09-28T08:57:51.086] [DEBUG] cheese - admin
[2021-09-28T08:57:51.088] [DEBUG] cheese - { inspect: [Function: inspect] }
[2021-09-28T08:57:51.089] [DEBUG] cheese - 查询失败
[2021-09-28T08:58:06.663] [DEBUG] cheese - login => username:admin,password:123456
[2021-09-28T08:58:06.663] [DEBUG] cheese - admin
[2021-09-28T08:58:06.668] [DEBUG] cheese - { inspect: [Function: inspect] }
[2021-09-28T08:58:06.669] [DEBUG] cheese - 查询失败
[2021-09-28T08:58:08.127] [DEBUG] cheese - login => username:admin,password:123456
[2021-09-28T08:58:08.128] [DEBUG] cheese - admin
[2021-09-28T08:58:08.131] [DEBUG] cheese - { inspect: [Function: inspect] }
[2021-09-28T08:58:08.132] [DEBUG] cheese - 查询失败
[2021-09-28T08:59:53.970] [DEBUG] cheese - login => username:admin,password:123456
[2021-09-28T08:59:53.970] [DEBUG] cheese - admin
[2021-09-28T08:59:53.975] [DEBUG] cheese - { inspect: [Function: inspect] }
[2021-09-28T08:59:53.976] [DEBUG] cheese - 查询失败
[2021-09-28T08:59:54.819] [DEBUG] cheese - login => username:admin,password:123456
[2021-09-28T08:59:54.819] [DEBUG] cheese - admin
[2021-09-28T08:59:54.823] [DEBUG] cheese - { inspect: [Function: inspect] }
[2021-09-28T08:59:54.823] [DEBUG] cheese - 查询失败
[2021-09-28T08:59:55.657] [DEBUG] cheese - login => username:admin,password:123456
[2021-09-28T08:59:55.657] [DEBUG] cheese - admin
[2021-09-28T08:59:55.662] [DEBUG] cheese - { inspect: [Function: inspect] }
[2021-09-28T08:59:55.662] [DEBUG] cheese - 查询失败
[2021-09-28T09:00:01.095] [DEBUG] cheese - login => username:admin,password:123456
[2021-09-28T09:00:01.095] [DEBUG] cheese - admin
[2021-09-28T09:00:01.099] [DEBUG] cheese - { inspect: [Function: inspect] }
[2021-09-28T09:00:01.099] [DEBUG] cheese - 查询失败
[2021-09-28T09:00:04.516] [DEBUG] cheese - login => username:admin,password:123456
[2021-09-28T09:00:04.517] [DEBUG] cheese - admin
[2021-09-28T09:00:04.519] [DEBUG] cheese - { inspect: [Function: inspect] }
[2021-09-28T09:00:04.520] [DEBUG] cheese - 查询失败
[2021-09-28T09:01:51.264] [DEBUG] cheese - login => username:admin,password:123456
[2021-09-28T09:01:51.264] [DEBUG] cheese - admin
[2021-09-28T09:01:51.268] [DEBUG] cheese - { inspect: [Function: inspect] }
[2021-09-28T09:01:51.268] [DEBUG] cheese - 查询失败
[2021-09-28T09:06:15.488] [DEBUG] cheese - login => username:admin,password:123456
[2021-09-28T09:06:15.488] [DEBUG] cheese - admin
[2021-09-28T09:06:15.491] [DEBUG] cheese - { inspect: [Function: inspect] }
[2021-09-28T09:06:15.491] [DEBUG] cheese - 查询失败
[2021-09-28T09:07:42.781] [DEBUG] cheese - login => username:admin,password:123456
[2021-09-28T09:07:42.782] [DEBUG] cheese - admin
[2021-09-28T09:07:42.786] [DEBUG] cheese - { inspect: [Function: inspect] }
[2021-09-28T09:07:42.787] [DEBUG] cheese - 查询失败
[2021-09-28T09:08:01.013] [DEBUG] cheese - login => username:admin,password:123456
[2021-09-28T09:08:01.013] [DEBUG] cheese - admin
[2021-09-28T09:08:01.016] [DEBUG] cheese - { inspect: [Function: inspect] }
[2021-09-28T09:08:01.017] [DEBUG] cheese - 查询失败
[2021-09-28T09:12:55.765] [DEBUG] cheese - login => username:admin,password:123456
[2021-09-28T09:12:55.765] [DEBUG] cheese - admin
[2021-09-28T09:12:55.769] [DEBUG] cheese - { inspect: [Function: inspect] }
[2021-09-28T09:12:55.769] [DEBUG] cheese - 查询失败
[2021-09-28T09:13:03.839] [DEBUG] cheese - login => username:admin,password:123456
[2021-09-28T09:13:03.839] [DEBUG] cheese - admin
[2021-09-28T09:13:03.844] [DEBUG] cheese - { inspect: [Function: inspect] }
[2021-09-28T09:13:03.844] [DEBUG] cheese - 查询失败
[2021-09-28T09:13:09.001] [DEBUG] cheese - login => username:admin,password:123456
[2021-09-28T09:13:09.002] [DEBUG] cheese - admin
[2021-09-28T09:13:09.005] [DEBUG] cheese - { inspect: [Function: inspect] }
[2021-09-28T09:13:09.005] [DEBUG] cheese - 查询失败
[2021-09-28T09:13:16.019] [DEBUG] cheese - login => username:admin,password:123456
[2021-09-28T09:13:16.019] [DEBUG] cheese - admin
[2021-09-28T09:13:16.022] [DEBUG] cheese - { inspect: [Function: inspect] }
[2021-09-28T09:13:16.022] [DEBUG] cheese - 查询失败
[2021-09-28T09:14:52.504] [DEBUG] cheese - login => username:admin,password:123456
[2021-09-28T09:14:52.505] [DEBUG] cheese - admin
[2021-09-28T09:14:52.518] [DEBUG] cheese - { inspect: [Function: inspect] }
[2021-09-28T09:14:52.520] [DEBUG] cheese - 查询失败
[2021-09-28T09:20:41.601] [DEBUG] cheese - login => username:admin,password:123456
[2021-09-28T09:20:41.601] [DEBUG] cheese - admin
[2021-09-28T09:20:41.605] [DEBUG] cheese - { inspect: [Function: inspect] }
[2021-09-28T09:20:41.605] [DEBUG] cheese - 查询失败
[2021-09-28T09:23:47.538] [DEBUG] cheese - login => username:admin,password:123456
[2021-09-28T09:23:47.538] [DEBUG] cheese - admin
[2021-09-28T09:23:47.544] [DEBUG] cheese - { inspect: [Function: inspect] }
[2021-09-28T09:23:47.545] [DEBUG] cheese - 查询失败
[2021-09-28T09:44:25.307] [DEBUG] cheese - login => username:admin,password:123123
[2021-09-28T09:44:25.307] [DEBUG] cheese - admin
[2021-09-28T09:44:25.311] [DEBUG] cheese - { inspect: [Function: inspect] }
[2021-09-28T09:44:25.311] [DEBUG] cheese - 查询失败
[2021-09-28T09:44:31.831] [DEBUG] cheese - login => username:admin,password:123456
[2021-09-28T09:44:31.831] [DEBUG] cheese - admin
[2021-09-28T09:44:31.834] [DEBUG] cheese - { inspect: [Function: inspect] }
[2021-09-28T09:44:31.834] [DEBUG] cheese - 查询失败
[2021-09-28T09:44:42.265] [DEBUG] cheese - login => username:admin,password:123456
[2021-09-28T09:44:42.265] [DEBUG] cheese - admin
[2021-09-28T09:44:42.268] [DEBUG] cheese - { inspect: [Function: inspect] }
[2021-09-28T09:44:42.268] [DEBUG] cheese - 查询失败
[2021-09-28T09:51:59.004] [DEBUG] cheese - login => username:admin,password:123456
[2021-09-28T09:51:59.007] [DEBUG] cheese - admin
[2021-09-28T09:51:59.019] [DEBUG] cheese - null
[2021-09-28T09:51:59.020] [DEBUG] cheese - null
[2021-09-30T09:45:24.575] [DEBUG] cheese - login => username:admin,password:123456
[2021-09-30T09:45:24.577] [DEBUG] cheese - admin
[2021-09-30T09:45:24.644] [DEBUG] cheese - null
[2021-09-30T09:45:24.646] [DEBUG] cheese - null
[2021-10-11T23:56:44.000] [DEBUG] cheese - login => username:admin,password:123456
[2021-10-11T23:56:44.001] [DEBUG] cheese - admin
[2021-10-11T23:56:44.044] [DEBUG] cheese - null
[2021-10-11T23:56:44.044] [DEBUG] cheese - null
[2021-10-12T00:04:16.642] [DEBUG] cheese - login => username:admin,password:123456
[2021-10-12T00:04:16.643] [DEBUG] cheese - admin
[2021-10-12T00:04:16.647] [DEBUG] cheese - null
[2021-10-12T00:04:16.648] [DEBUG] cheese - null
[2021-10-12T00:04:28.624] [DEBUG] cheese - login => username:admin,password:123456
[2021-10-12T00:04:28.624] [DEBUG] cheese - admin
[2021-10-12T00:04:28.629] [DEBUG] cheese - null
[2021-10-12T00:04:28.629] [DEBUG] cheese - null
[2021-10-12T03:54:39.302] [DEBUG] cheese - login => username:admin,password:123456
[2021-10-12T03:54:39.305] [DEBUG] cheese - admin
[2021-10-12T03:54:39.314] [DEBUG] cheese - null
[2021-10-12T03:54:39.314] [DEBUG] cheese - null
[2021-10-12T04:04:05.690] [DEBUG] cheese - login => username:admin,password:123456
[2021-10-12T04:04:05.691] [DEBUG] cheese - admin
[2021-10-12T04:04:05.695] [DEBUG] cheese - null
[2021-10-12T04:04:05.695] [DEBUG] cheese - null
[2021-10-12T04:14:15.782] [DEBUG] cheese - login => username:admin,password:123456
[2021-10-12T04:14:15.782] [DEBUG] cheese - admin
[2021-10-12T04:14:15.788] [DEBUG] cheese - null
[2021-10-12T04:14:15.789] [DEBUG] cheese - null
[2021-10-12T04:14:22.644] [DEBUG] cheese - login => username:admin,password:1234561
[2021-10-12T04:14:22.644] [DEBUG] cheese - admin
[2021-10-12T04:14:22.647] [DEBUG] cheese - null
[2021-10-12T04:14:22.647] [DEBUG] cheese - null
[2021-10-12T04:14:25.822] [DEBUG] cheese - login => username:admin,password:123456
[2021-10-12T04:14:25.823] [DEBUG] cheese - admin
[2021-10-12T04:14:25.826] [DEBUG] cheese - null
[2021-10-12T04:14:25.826] [DEBUG] cheese - null
[2021-10-12T04:26:35.060] [DEBUG] cheese - login => username:admin,password:123456
[2021-10-12T04:26:35.064] [DEBUG] cheese - admin
[2021-10-12T04:26:35.121] [DEBUG] cheese - null
[2021-10-12T04:26:35.123] [DEBUG] cheese - null
[2021-10-13T19:41:07.173] [DEBUG] cheese - login => username:admin,password:123456
[2021-10-13T19:41:07.175] [DEBUG] cheese - admin
[2021-10-13T19:41:07.258] [DEBUG] cheese - null
[2021-10-13T19:41:07.259] [DEBUG] cheese - null
[2021-10-14T04:28:52.833] [DEBUG] cheese - login => username:admin,password:123456
[2021-10-14T04:28:52.838] [DEBUG] cheese - admin
[2021-10-14T04:28:52.858] [DEBUG] cheese - null
[2021-10-14T04:28:52.859] [DEBUG] cheese - null
[2021-10-15T18:41:44.323] [DEBUG] cheese - login => username:admin,password:123456
[2021-10-15T18:41:44.324] [DEBUG] cheese - admin
[2021-10-15T18:41:44.456] [DEBUG] cheese - null
[2021-10-15T18:41:44.456] [DEBUG] cheese - null
[2021-10-15T18:41:54.166] [DEBUG] cheese - login => username:admin,password:123456
[2021-10-15T18:41:54.166] [DEBUG] cheese - admin
[2021-10-15T18:41:54.168] [DEBUG] cheese - null
[2021-10-15T18:41:54.168] [DEBUG] cheese - null
[2021-10-15T19:13:14.641] [DEBUG] cheese - login => username:admin,password:123456
[2021-10-15T19:13:14.641] [DEBUG] cheese - admin
[2021-10-15T19:13:14.643] [DEBUG] cheese - null
[2021-10-15T19:13:14.643] [DEBUG] cheese - null
[2021-10-15T19:13:17.519] [DEBUG] cheese - login => username:admin,password:123456
[2021-10-15T19:13:17.520] [DEBUG] cheese - admin
[2021-10-15T19:13:17.521] [DEBUG] cheese - null
[2021-10-15T19:13:17.521] [DEBUG] cheese - null
[2021-10-15T22:58:31.047] [DEBUG] cheese - login => username:admin,password:123456
[2021-10-15T22:58:31.048] [DEBUG] cheese - admin
[2021-10-15T22:58:31.065] [DEBUG] cheese - null
[2021-10-15T22:58:31.066] [DEBUG] cheese - null
[2021-10-15T23:18:27.590] [DEBUG] cheese - login => username:admin,password:123456
[2021-10-15T23:18:27.590] [DEBUG] cheese - admin
[2021-10-15T23:18:27.594] [DEBUG] cheese - null
[2021-10-15T23:18:27.595] [DEBUG] cheese - null
[2021-10-15T23:18:32.112] [DEBUG] cheese - login => username:admin11,password:123456
[2021-10-15T23:18:32.112] [DEBUG] cheese - admin11
[2021-10-15T23:18:32.113] [DEBUG] cheese - null
[2021-10-15T23:18:32.113] [DEBUG] cheese - null
[2021-10-15T23:18:35.680] [DEBUG] cheese - login => username:admin,password:123456
[2021-10-15T23:18:35.680] [DEBUG] cheese - admin
[2021-10-15T23:18:35.682] [DEBUG] cheese - null
[2021-10-15T23:18:35.682] [DEBUG] cheese - null
[2021-10-16T00:10:32.082] [DEBUG] cheese - login => username:admin,password:1234567
[2021-10-16T00:10:32.082] [DEBUG] cheese - admin
[2021-10-16T00:10:32.097] [DEBUG] cheese - null
[2021-10-16T00:10:32.097] [DEBUG] cheese - null
[2021-10-16T00:10:36.764] [DEBUG] cheese - login => username:admin,password:123456
[2021-10-16T00:10:36.764] [DEBUG] cheese - admin
[2021-10-16T00:10:36.767] [DEBUG] cheese - null
[2021-10-16T00:10:36.767] [DEBUG] cheese - null
[2021-10-16T00:32:38.062] [DEBUG] cheese - login => username:admin,password:123456
[2021-10-16T00:32:38.063] [DEBUG] cheese - admin
[2021-10-16T00:32:38.067] [DEBUG] cheese - null
[2021-10-16T00:32:38.067] [DEBUG] cheese - null
[2021-10-16T00:32:40.103] [DEBUG] cheese - login => username:admin,password:123456
[2021-10-16T00:32:40.104] [DEBUG] cheese - admin
[2021-10-16T00:32:40.106] [DEBUG] cheese - null
[2021-10-16T00:32:40.106] [DEBUG] cheese - null
[2021-10-16T00:33:54.688] [DEBUG] cheese - login => username:admin,password:123456
[2021-10-16T00:33:54.688] [DEBUG] cheese - admin
[2021-10-16T00:33:54.693] [DEBUG] cheese - null
[2021-10-16T00:33:54.694] [DEBUG] cheese - null
[2021-10-16T00:33:59.454] [DEBUG] cheese - login => username:admin,password:123456
[2021-10-16T00:33:59.455] [DEBUG] cheese - admin
[2021-10-16T00:33:59.459] [DEBUG] cheese - null
[2021-10-16T00:33:59.459] [DEBUG] cheese - null
[2021-10-16T00:34:22.683] [DEBUG] cheese - login => username:admin,password:123456
[2021-10-16T00:34:22.683] [DEBUG] cheese - admin
[2021-10-16T00:34:22.688] [DEBUG] cheese - null
[2021-10-16T00:34:22.688] [DEBUG] cheese - null
[2021-10-16T00:34:43.802] [DEBUG] cheese - login => username:admin,password:123456
[2021-10-16T00:34:43.803] [DEBUG] cheese - admin
[2021-10-16T00:34:43.810] [DEBUG] cheese - null
[2021-10-16T00:34:43.810] [DEBUG] cheese - null
[2021-10-16T00:35:01.470] [DEBUG] cheese - login => username:admin,password:1234567
[2021-10-16T00:35:01.470] [DEBUG] cheese - admin
[2021-10-16T00:35:01.473] [DEBUG] cheese - null
[2021-10-16T00:35:01.473] [DEBUG] cheese - null
[2021-10-16T00:35:07.191] [DEBUG] cheese - login => username:admin,password:123456
[2021-10-16T00:35:07.191] [DEBUG] cheese - admin
[2021-10-16T00:35:07.193] [DEBUG] cheese - null
[2021-10-16T00:35:07.193] [DEBUG] cheese - null
[2021-10-16T00:36:30.764] [DEBUG] cheese - login => username:admin,password:123456
[2021-10-16T00:36:30.764] [DEBUG] cheese - admin
[2021-10-16T00:36:30.766] [DEBUG] cheese - null
[2021-10-16T00:36:30.766] [DEBUG] cheese - null
[2021-10-16T00:36:36.495] [DEBUG] cheese - login => username:admin,password:123456
[2021-10-16T00:36:36.496] [DEBUG] cheese - admin
[2021-10-16T00:36:36.498] [DEBUG] cheese - null
[2021-10-16T00:36:36.498] [DEBUG] cheese - null
[2021-10-16T00:36:40.131] [DEBUG] cheese - login => username:admin,password:123456
[2021-10-16T00:36:40.132] [DEBUG] cheese - admin
[2021-10-16T00:36:40.135] [DEBUG] cheese - null
[2021-10-16T00:36:40.135] [DEBUG] cheese - null
[2021-10-16T00:38:36.377] [DEBUG] cheese - login => username:admin,password:123456
[2021-10-16T00:38:36.377] [DEBUG] cheese - admin
[2021-10-16T00:38:36.382] [DEBUG] cheese - null
[2021-10-16T00:38:36.382] [DEBUG] cheese - null
[2021-10-16T00:40:55.753] [DEBUG] cheese - login => username:admin,password:123456
[2021-10-16T00:40:55.753] [DEBUG] cheese - admin
[2021-10-16T00:40:55.758] [DEBUG] cheese - null
[2021-10-16T00:40:55.758] [DEBUG] cheese - null
[2021-10-16T00:42:53.464] [DEBUG] cheese - login => username:admin,password:123456
[2021-10-16T00:42:53.464] [DEBUG] cheese - admin
[2021-10-16T00:42:53.467] [DEBUG] cheese - null
[2021-10-16T00:42:53.468] [DEBUG] cheese - null
[2021-10-16T00:42:54.926] [DEBUG] cheese - login => username:admin,password:123456
[2021-10-16T00:42:54.926] [DEBUG] cheese - admin
[2021-10-16T00:42:54.929] [DEBUG] cheese - null
[2021-10-16T00:42:54.929] [DEBUG] cheese - null
[2021-10-16T00:42:55.119] [DEBUG] cheese - login => username:admin,password:123456
[2021-10-16T00:42:55.119] [DEBUG] cheese - admin
[2021-10-16T00:42:55.123] [DEBUG] cheese - null
[2021-10-16T00:42:55.123] [DEBUG] cheese - null
[2021-10-16T00:42:55.303] [DEBUG] cheese - login => username:admin,password:123456
[2021-10-16T00:42:55.303] [DEBUG] cheese - admin
[2021-10-16T00:42:55.306] [DEBUG] cheese - null
[2021-10-16T00:42:55.306] [DEBUG] cheese - null
[2021-10-16T00:42:55.781] [DEBUG] cheese - login => username:admin,password:123456
[2021-10-16T00:42:55.781] [DEBUG] cheese - admin
[2021-10-16T00:42:55.788] [DEBUG] cheese - null
[2021-10-16T00:42:55.788] [DEBUG] cheese - null
[2021-10-16T00:48:09.133] [DEBUG] cheese - login => username:admin,password:123456
[2021-10-16T00:48:09.133] [DEBUG] cheese - admin
[2021-10-16T00:48:09.136] [DEBUG] cheese - null
[2021-10-16T00:48:09.136] [DEBUG] cheese - null
[2021-10-16T00:49:24.514] [DEBUG] cheese - login => username:admin,password:123456
[2021-10-16T00:49:24.515] [DEBUG] cheese - admin
[2021-10-16T00:49:24.519] [DEBUG] cheese - null
[2021-10-16T00:49:24.519] [DEBUG] cheese - null
[2021-10-16T00:51:19.502] [DEBUG] cheese - login => username:admin,password:123456
[2021-10-16T00:51:19.502] [DEBUG] cheese - admin
[2021-10-16T00:51:19.504] [DEBUG] cheese - null
[2021-10-16T00:51:19.504] [DEBUG] cheese - null
[2021-10-16T00:55:01.520] [DEBUG] cheese - login => username:admin,password:123456
[2021-10-16T00:55:01.520] [DEBUG] cheese - admin
[2021-10-16T00:55:01.523] [DEBUG] cheese - null
[2021-10-16T00:55:01.524] [DEBUG] cheese - null
[2021-10-16T00:55:57.660] [DEBUG] cheese - login => username:admin,password:123456
[2021-10-16T00:55:57.660] [DEBUG] cheese - admin
[2021-10-16T00:55:57.663] [DEBUG] cheese - null
[2021-10-16T00:55:57.663] [DEBUG] cheese - null
[2021-10-16T00:57:03.340] [DEBUG] cheese - login => username:admin,password:123456
[2021-10-16T00:57:03.340] [DEBUG] cheese - admin
[2021-10-16T00:57:03.342] [DEBUG] cheese - null
[2021-10-16T00:57:03.342] [DEBUG] cheese - null
[2021-10-16T00:57:27.228] [DEBUG] cheese - login => username:admin,password:123456
[2021-10-16T00:57:27.228] [DEBUG] cheese - admin
[2021-10-16T00:57:27.231] [DEBUG] cheese - null
[2021-10-16T00:57:27.231] [DEBUG] cheese - null
[2021-10-16T01:41:46.892] [DEBUG] cheese - login => username:admin,password:123456
[2021-10-16T01:41:46.892] [DEBUG] cheese - admin
[2021-10-16T01:41:46.895] [DEBUG] cheese - null
[2021-10-16T01:41:46.895] [DEBUG] cheese - null
[2021-10-16T01:41:48.310] [DEBUG] cheese - login => username:admin,password:123456
[2021-10-16T01:41:48.310] [DEBUG] cheese - admin
[2021-10-16T01:41:48.313] [DEBUG] cheese - null
[2021-10-16T01:41:48.313] [DEBUG] cheese - null
[2021-10-16T01:41:49.076] [DEBUG] cheese - login => username:admin,password:123456
[2021-10-16T01:41:49.076] [DEBUG] cheese - admin
[2021-10-16T01:41:49.078] [DEBUG] cheese - null
[2021-10-16T01:41:49.078] [DEBUG] cheese - null
[2021-10-16T01:41:53.972] [DEBUG] cheese - login => username:admin,password:123456
[2021-10-16T01:41:53.972] [DEBUG] cheese - admin
[2021-10-16T01:41:53.976] [DEBUG] cheese - null
[2021-10-16T01:41:53.976] [DEBUG] cheese - null
[2021-10-16T01:41:54.574] [DEBUG] cheese - login => username:admin,password:123456
[2021-10-16T01:41:54.574] [DEBUG] cheese - admin
[2021-10-16T01:41:54.576] [DEBUG] cheese - null
[2021-10-16T01:41:54.576] [DEBUG] cheese - null
[2021-10-16T01:41:54.975] [DEBUG] cheese - login => username:admin,password:123456
[2021-10-16T01:41:54.975] [DEBUG] cheese - admin
[2021-10-16T01:41:54.977] [DEBUG] cheese - null
[2021-10-16T01:41:54.977] [DEBUG] cheese - null
[2021-10-16T01:41:55.201] [DEBUG] cheese - login => username:admin,password:123456
[2021-10-16T01:41:55.201] [DEBUG] cheese - admin
[2021-10-16T01:41:55.203] [DEBUG] cheese - null
[2021-10-16T01:41:55.204] [DEBUG] cheese - null
[2021-10-16T01:41:55.608] [DEBUG] cheese - login => username:admin,password:123456
[2021-10-16T01:41:55.608] [DEBUG] cheese - admin
[2021-10-16T01:41:55.610] [DEBUG] cheese - null
[2021-10-16T01:41:55.610] [DEBUG] cheese - null
[2021-10-16T01:41:55.889] [DEBUG] cheese - login => username:admin,password:123456
[2021-10-16T01:41:55.890] [DEBUG] cheese - admin
[2021-10-16T01:41:55.891] [DEBUG] cheese - null
[2021-10-16T01:41:55.891] [DEBUG] cheese - null
[2021-10-16T01:41:56.103] [DEBUG] cheese - login => username:admin,password:123456
[2021-10-16T01:41:56.103] [DEBUG] cheese - admin
[2021-10-16T01:41:56.105] [DEBUG] cheese - null
[2021-10-16T01:41:56.105] [DEBUG] cheese - null
[2021-10-16T01:41:56.320] [DEBUG] cheese - login => username:admin,password:123456
[2021-10-16T01:41:56.321] [DEBUG] cheese - admin
[2021-10-16T01:41:56.322] [DEBUG] cheese - null
[2021-10-16T01:41:56.323] [DEBUG] cheese - null
[2021-10-16T01:41:56.549] [DEBUG] cheese - login => username:admin,password:123456
[2021-10-16T01:41:56.550] [DEBUG] cheese - admin
[2021-10-16T01:41:56.553] [DEBUG] cheese - null
[2021-10-16T01:41:56.553] [DEBUG] cheese - null
[2021-10-16T01:42:06.959] [DEBUG] cheese - login => username:admin,password:123456
[2021-10-16T01:42:06.959] [DEBUG] cheese - admin
[2021-10-16T01:42:06.961] [DEBUG] cheese - null
[2021-10-16T01:42:06.962] [DEBUG] cheese - null
[2021-10-16T01:47:28.608] [DEBUG] cheese - login => username:admin,password:123456
[2021-10-16T01:47:28.608] [DEBUG] cheese - admin
[2021-10-16T01:47:28.611] [DEBUG] cheese - null
[2021-10-16T01:47:28.611] [DEBUG] cheese - null
[2021-10-16T01:51:45.454] [DEBUG] cheese - login => username:admin,password:123456
[2021-10-16T01:51:45.454] [DEBUG] cheese - admin
[2021-10-16T01:51:45.458] [DEBUG] cheese - null
[2021-10-16T01:51:45.459] [DEBUG] cheese - null
[2021-10-16T01:53:43.066] [DEBUG] cheese - login => username:admin,password:123456
[2021-10-16T01:53:43.066] [DEBUG] cheese - admin
[2021-10-16T01:53:43.069] [DEBUG] cheese - null
[2021-10-16T01:53:43.070] [DEBUG] cheese - null
[2021-10-16T01:54:10.022] [DEBUG] cheese - login => username:admin,password:123456
[2021-10-16T01:54:10.022] [DEBUG] cheese - admin
[2021-10-16T01:54:10.026] [DEBUG] cheese - null
[2021-10-16T01:54:10.026] [DEBUG] cheese - null
[2021-10-16T01:56:23.743] [DEBUG] cheese - login => username:admin,password:123456
[2021-10-16T01:56:23.743] [DEBUG] cheese - admin
[2021-10-16T01:56:23.746] [DEBUG] cheese - null
[2021-10-16T01:56:23.746] [DEBUG] cheese - null
[2021-10-16T01:57:11.007] [DEBUG] cheese - login => username:admin,password:123456
[2021-10-16T01:57:11.007] [DEBUG] cheese - admin
[2021-10-16T01:57:11.009] [DEBUG] cheese - null
[2021-10-16T01:57:11.009] [DEBUG] cheese - null
[2021-10-16T01:57:18.292] [DEBUG] cheese - login => username:admin,password:123456
[2021-10-16T01:57:18.293] [DEBUG] cheese - admin
[2021-10-16T01:57:18.296] [DEBUG] cheese - null
[2021-10-16T01:57:18.296] [DEBUG] cheese - null
[2021-10-16T01:59:25.610] [DEBUG] cheese - login => username:admin,password:123456
[2021-10-16T01:59:25.610] [DEBUG] cheese - admin
[2021-10-16T01:59:25.614] [DEBUG] cheese - null
[2021-10-16T01:59:25.614] [DEBUG] cheese - null
[2021-10-16T02:03:46.857] [DEBUG] cheese - login => username:admin,password:123456
[2021-10-16T02:03:46.857] [DEBUG] cheese - admin
[2021-10-16T02:03:46.859] [DEBUG] cheese - null
[2021-10-16T02:03:46.859] [DEBUG] cheese - null
[2021-10-16T02:04:21.651] [DEBUG] cheese - login => username:admin,password:123456
[2021-10-16T02:04:21.652] [DEBUG] cheese - admin
[2021-10-16T02:04:21.657] [DEBUG] cheese - null
[2021-10-16T02:04:21.657] [DEBUG] cheese - null
[2021-10-16T03:56:01.045] [DEBUG] cheese - login => username:admin,password:123456
[2021-10-16T03:56:01.047] [DEBUG] cheese - admin
[2021-10-16T03:56:01.086] [DEBUG] cheese - null
[2021-10-16T03:56:01.087] [DEBUG] cheese - null
[2021-10-16T04:44:22.715] [DEBUG] cheese - login => username:admin,password:123456
[2021-10-16T04:44:22.716] [DEBUG] cheese - admin
[2021-10-16T04:44:22.723] [DEBUG] cheese - null
[2021-10-16T04:44:22.723] [DEBUG] cheese - null
[2021-10-16T04:44:31.374] [DEBUG] cheese - login => username:admin,password:123456
[2021-10-16T04:44:31.375] [DEBUG] cheese - admin
[2021-10-16T04:44:31.377] [DEBUG] cheese - null
[2021-10-16T04:44:31.377] [DEBUG] cheese - null
[2021-10-16T05:14:26.042] [DEBUG] cheese - login => username:admin,password:123456
[2021-10-16T05:14:26.042] [DEBUG] cheese - admin
[2021-10-16T05:14:26.049] [DEBUG] cheese - null
[2021-10-16T05:14:26.049] [DEBUG] cheese - null
[2021-10-16T05:19:10.930] [DEBUG] cheese - login => username:admin,password:123456
[2021-10-16T05:19:10.930] [DEBUG] cheese - admin
[2021-10-16T05:19:10.933] [DEBUG] cheese - null
[2021-10-16T05:19:10.933] [DEBUG] cheese - null
[2021-10-16T05:19:15.903] [DEBUG] cheese - login => username:admin,password:123456
[2021-10-16T05:19:15.903] [DEBUG] cheese - admin
[2021-10-16T05:19:15.907] [DEBUG] cheese - null
[2021-10-16T05:19:15.907] [DEBUG] cheese - null
[2021-10-16T05:19:29.943] [DEBUG] cheese - login => username:admin,password:123456
[2021-10-16T05:19:29.943] [DEBUG] cheese - admin
[2021-10-16T05:19:29.944] [DEBUG] cheese - null
[2021-10-16T05:19:29.945] [DEBUG] cheese - null
[2021-10-16T05:19:32.376] [DEBUG] cheese - login => username:admin,password:123456
[2021-10-16T05:19:32.376] [DEBUG] cheese - admin
[2021-10-16T05:19:32.378] [DEBUG] cheese - null
[2021-10-16T05:19:32.378] [DEBUG] cheese - null
[2021-10-16T05:19:36.051] [DEBUG] cheese - login => username:admin,password:123456
[2021-10-16T05:19:36.051] [DEBUG] cheese - admin
[2021-10-16T05:19:36.053] [DEBUG] cheese - null
[2021-10-16T05:19:36.053] [DEBUG] cheese - null
[2021-10-16T05:20:17.247] [DEBUG] cheese - login => username:admin,password:123456
[2021-10-16T05:20:17.247] [DEBUG] cheese - admin
[2021-10-16T05:20:17.251] [DEBUG] cheese - null
[2021-10-16T05:20:17.251] [DEBUG] cheese - null
[2021-10-16T05:20:19.477] [DEBUG] cheese - login => username:admin,password:123456
[2021-10-16T05:20:19.477] [DEBUG] cheese - admin
[2021-10-16T05:20:19.479] [DEBUG] cheese - null
[2021-10-16T05:20:19.479] [DEBUG] cheese - null
[2021-10-16T05:27:02.023] [DEBUG] cheese - login => username:admin,password:123456
[2021-10-16T05:27:02.023] [DEBUG] cheese - admin
[2021-10-16T05:27:02.025] [DEBUG] cheese - null
[2021-10-16T05:27:02.025] [DEBUG] cheese - null
[2021-10-16T05:28:36.704] [DEBUG] cheese - login => username:admin,password:123456
[2021-10-16T05:28:36.704] [DEBUG] cheese - admin
[2021-10-16T05:28:36.706] [DEBUG] cheese - null
[2021-10-16T05:28:36.706] [DEBUG] cheese - null
[2021-10-16T05:34:27.847] [DEBUG] cheese - login => username:admin,password:123456
[2021-10-16T05:34:27.847] [DEBUG] cheese - admin
[2021-10-16T05:34:27.849] [DEBUG] cheese - null
[2021-10-16T05:34:27.849] [DEBUG] cheese - null
[2021-10-16T05:38:15.948] [DEBUG] cheese - login => username:admin,password:123456
[2021-10-16T05:38:15.948] [DEBUG] cheese - admin
[2021-10-16T05:38:15.951] [DEBUG] cheese - null
[2021-10-16T05:38:15.951] [DEBUG] cheese - null
[2021-10-16T05:50:16.168] [DEBUG] cheese - login => username:admin,password:123456
[2021-10-16T05:50:16.168] [DEBUG] cheese - admin
[2021-10-16T05:50:16.171] [DEBUG] cheese - null
[2021-10-16T05:50:16.171] [DEBUG] cheese - null
[2021-10-16T05:50:17.054] [DEBUG] cheese - login => username:admin,password:123456
[2021-10-16T05:50:17.054] [DEBUG] cheese - admin
[2021-10-16T05:50:17.057] [DEBUG] cheese - null
[2021-10-16T05:50:17.057] [DEBUG] cheese - null
[2021-10-16T07:28:17.837] [DEBUG] cheese - login => username:admin,password:123456
[2021-10-16T07:28:17.840] [DEBUG] cheese - admin
[2021-10-16T07:28:17.891] [DEBUG] cheese - null
[2021-10-16T07:28:17.891] [DEBUG] cheese - null
[2021-10-16T08:43:06.432] [DEBUG] cheese - login => username:admin,password:123456
[2021-10-16T08:43:06.433] [DEBUG] cheese - admin
[2021-10-16T08:43:06.470] [DEBUG] cheese - null
[2021-10-16T08:43:06.471] [DEBUG] cheese - null
[2021-10-16T08:43:27.027] [DEBUG] cheese - login => username:admin,password:123456
[2021-10-16T08:43:27.027] [DEBUG] cheese - admin
[2021-10-16T08:43:27.030] [DEBUG] cheese - null
[2021-10-16T08:43:27.030] [DEBUG] cheese - null
[2021-10-16T08:43:29.101] [DEBUG] cheese - login => username:admin,password:123456
[2021-10-16T08:43:29.101] [DEBUG] cheese - admin
[2021-10-16T08:43:29.104] [DEBUG] cheese - null
[2021-10-16T08:43:29.104] [DEBUG] cheese - null
[2021-10-16T08:43:29.903] [DEBUG] cheese - login => username:admin,password:123456
[2021-10-16T08:43:29.903] [DEBUG] cheese - admin
[2021-10-16T08:43:29.905] [DEBUG] cheese - null
[2021-10-16T08:43:29.905] [DEBUG] cheese - null
[2021-10-16T08:43:30.768] [DEBUG] cheese - login => username:admin,password:123456
[2021-10-16T08:43:30.768] [DEBUG] cheese - admin
[2021-10-16T08:43:30.770] [DEBUG] cheese - null
[2021-10-16T08:43:30.771] [DEBUG] cheese - null
[2021-10-16T08:43:33.017] [DEBUG] cheese - login => username:admin,password:123456
[2021-10-16T08:43:33.017] [DEBUG] cheese - admin
[2021-10-16T08:43:33.019] [DEBUG] cheese - null
[2021-10-16T08:43:33.019] [DEBUG] cheese - null
[2021-10-16T08:46:51.122] [DEBUG] cheese - login => username:admin,password:123456
[2021-10-16T08:46:51.122] [DEBUG] cheese - admin
[2021-10-16T08:46:51.127] [DEBUG] cheese - null
[2021-10-16T08:46:51.127] [DEBUG] cheese - null
[2021-10-16T17:37:03.781] [DEBUG] cheese - login => username:admin,password:123456
[2021-10-16T17:37:03.783] [DEBUG] cheese - admin
[2021-10-16T17:37:03.806] [DEBUG] cheese - null
[2021-10-16T17:37:03.806] [DEBUG] cheese - null
[2021-10-16T17:44:59.425] [DEBUG] cheese - login => username:admin,password:123456
[2021-10-16T17:44:59.425] [DEBUG] cheese - admin
[2021-10-16T17:44:59.428] [DEBUG] cheese - null
[2021-10-16T17:44:59.428] [DEBUG] cheese - null
[2021-10-16T18:26:33.612] [DEBUG] cheese - login => username:admin,password:1234567
[2021-10-16T18:26:33.614] [DEBUG] cheese - admin
[2021-10-16T18:26:33.657] [DEBUG] cheese - null
[2021-10-16T18:26:33.657] [DEBUG] cheese - null
[2021-10-16T18:26:35.014] [DEBUG] cheese - login => username:admin,password:1234567
[2021-10-16T18:26:35.014] [DEBUG] cheese - admin
[2021-10-16T18:26:35.017] [DEBUG] cheese - null
[2021-10-16T18:26:35.017] [DEBUG] cheese - null
[2021-10-16T18:26:42.634] [DEBUG] cheese - login => username:admin,password:123456
[2021-10-16T18:26:42.634] [DEBUG] cheese - admin
[2021-10-16T18:26:42.636] [DEBUG] cheese - null
[2021-10-16T18:26:42.636] [DEBUG] cheese - null
[2021-10-16T18:27:52.610] [DEBUG] cheese - login => username:admin,password:1234567
[2021-10-16T18:27:52.611] [DEBUG] cheese - admin
[2021-10-16T18:27:52.613] [DEBUG] cheese - null
[2021-10-16T18:27:52.613] [DEBUG] cheese - null
[2021-10-16T18:28:00.333] [DEBUG] cheese - login => username:admin,password:123456
[2021-10-16T18:28:00.333] [DEBUG] cheese - admin
[2021-10-16T18:28:00.336] [DEBUG] cheese - null
[2021-10-16T18:28:00.336] [DEBUG] cheese - null
[2021-10-16T18:31:39.257] [DEBUG] cheese - login => username:admin,password:123456
[2021-10-16T18:31:39.257] [DEBUG] cheese - admin
[2021-10-16T18:31:39.260] [DEBUG] cheese - null
[2021-10-16T18:31:39.260] [DEBUG] cheese - null
[2021-10-16T18:32:41.866] [DEBUG] cheese - login => username:admin,password:123456
[2021-10-16T18:32:41.866] [DEBUG] cheese - admin
[2021-10-16T18:32:41.868] [DEBUG] cheese - null
[2021-10-16T18:32:41.868] [DEBUG] cheese - null
[2021-10-16T18:34:45.185] [DEBUG] cheese - login => username:admin,password:123456
[2021-10-16T18:34:45.185] [DEBUG] cheese - admin
[2021-10-16T18:34:45.188] [DEBUG] cheese - null
[2021-10-16T18:34:45.188] [DEBUG] cheese - null
[2021-10-16T18:43:27.460] [DEBUG] cheese - login => username:admin,password:123456
[2021-10-16T18:43:27.460] [DEBUG] cheese - admin
[2021-10-16T18:43:27.463] [DEBUG] cheese - null
[2021-10-16T18:43:27.463] [DEBUG] cheese - null
[2021-10-16T18:44:17.121] [DEBUG] cheese - login => username:admin,password:123456
[2021-10-16T18:44:17.121] [DEBUG] cheese - admin
[2021-10-16T18:44:17.124] [DEBUG] cheese - null
[2021-10-16T18:44:17.124] [DEBUG] cheese - null
[2021-10-16T18:46:24.756] [DEBUG] cheese - login => username:admin,password:123456
[2021-10-16T18:46:24.756] [DEBUG] cheese - admin
[2021-10-16T18:46:24.760] [DEBUG] cheese - null
[2021-10-16T18:46:24.760] [DEBUG] cheese - null
[2021-10-16T18:50:43.669] [DEBUG] cheese - login => username:admin,password:123456
[2021-10-16T18:50:43.670] [DEBUG] cheese - admin
[2021-10-16T18:50:43.672] [DEBUG] cheese - null
[2021-10-16T18:50:43.672] [DEBUG] cheese - null
[2021-10-16T18:56:35.230] [DEBUG] cheese - login => username:admin,password:123456
[2021-10-16T18:56:35.230] [DEBUG] cheese - admin
[2021-10-16T18:56:35.233] [DEBUG] cheese - null
[2021-10-16T18:56:35.233] [DEBUG] cheese - null
[2021-10-16T19:07:39.633] [DEBUG] cheese - login => username:admin,password:123456
[2021-10-16T19:07:39.633] [DEBUG] cheese - admin
[2021-10-16T19:07:39.638] [DEBUG] cheese - null
[2021-10-16T19:07:39.638] [DEBUG] cheese - null
[2021-10-16T21:09:21.710] [DEBUG] cheese - login => username:admin,password:123456
[2021-10-16T21:09:21.711] [DEBUG] cheese - admin
[2021-10-16T21:09:21.716] [DEBUG] cheese - null
[2021-10-16T21:09:21.717] [DEBUG] cheese - null
[2021-10-16T22:00:50.355] [DEBUG] cheese - login => username:admin,password:123456
[2021-10-16T22:00:50.356] [DEBUG] cheese - admin
[2021-10-16T22:00:50.359] [DEBUG] cheese - null
[2021-10-16T22:00:50.359] [DEBUG] cheese - null
[2021-10-16T22:06:15.036] [DEBUG] cheese - login => username:admin,password:123456
[2021-10-16T22:06:15.036] [DEBUG] cheese - admin
[2021-10-16T22:06:15.038] [DEBUG] cheese - null
[2021-10-16T22:06:15.038] [DEBUG] cheese - null
[2021-10-16T22:06:23.913] [DEBUG] cheese - login => username:admin,password:123456
[2021-10-16T22:06:23.913] [DEBUG] cheese - admin
[2021-10-16T22:06:23.915] [DEBUG] cheese - null
[2021-10-16T22:06:23.915] [DEBUG] cheese - null
[2021-10-16T22:09:30.480] [DEBUG] cheese - login => username:admin,password:123456
[2021-10-16T22:09:30.480] [DEBUG] cheese - admin
[2021-10-16T22:09:30.483] [DEBUG] cheese - null
[2021-10-16T22:09:30.483] [DEBUG] cheese - null
[2021-10-16T22:10:10.117] [DEBUG] cheese - login => username:admin,password:123456
[2021-10-16T22:10:10.117] [DEBUG] cheese - admin
[2021-10-16T22:10:10.121] [DEBUG] cheese - null
[2021-10-16T22:10:10.121] [DEBUG] cheese - null
[2021-10-16T22:11:00.813] [DEBUG] cheese - login => username:admin,password:123456
[2021-10-16T22:11:00.814] [DEBUG] cheese - admin
[2021-10-16T22:11:00.815] [DEBUG] cheese - null
[2021-10-16T22:11:00.815] [DEBUG] cheese - null
[2021-10-16T22:11:04.204] [DEBUG] cheese - login => username:admin,password:123456
[2021-10-16T22:11:04.205] [DEBUG] cheese - admin
[2021-10-16T22:11:04.208] [DEBUG] cheese - null
[2021-10-16T22:11:04.208] [DEBUG] cheese - null
[2021-10-16T22:13:40.653] [DEBUG] cheese - login => username:admin,password:123456
[2021-10-16T22:13:40.655] [DEBUG] cheese - admin
[2021-10-16T22:13:40.660] [DEBUG] cheese - null
[2021-10-16T22:13:40.661] [DEBUG] cheese - null
[2021-10-17T18:13:29.655] [DEBUG] cheese - login => username:admin,password:123456
[2021-10-17T18:13:29.657] [DEBUG] cheese - admin
[2021-10-17T18:13:29.664] [DEBUG] cheese - null
[2021-10-17T18:13:29.666] [DEBUG] cheese - null
[2021-10-17T21:27:20.379] [DEBUG] cheese - login => username:admin,password:123456
[2021-10-17T21:27:20.384] [DEBUG] cheese - admin
[2021-10-17T21:27:20.428] [DEBUG] cheese - null
[2021-10-17T21:27:20.429] [DEBUG] cheese - null
[2021-10-18T00:50:21.271] [DEBUG] cheese - login => username:admin,password:123456
[2021-10-18T00:50:21.273] [DEBUG] cheese - admin
[2021-10-18T00:50:21.290] [DEBUG] cheese - null
[2021-10-18T00:50:21.291] [DEBUG] cheese - null
[2021-10-18T00:50:59.525] [DEBUG] cheese - login => username:admin,password:123456
[2021-10-18T00:50:59.527] [DEBUG] cheese - admin
[2021-10-18T00:50:59.530] [DEBUG] cheese - null
[2021-10-18T00:50:59.530] [DEBUG] cheese - null
[2021-10-18T07:30:38.445] [DEBUG] cheese - login => username:admin,password:123456
[2021-10-18T07:30:38.446] [DEBUG] cheese - admin
[2021-10-18T07:30:38.480] [DEBUG] cheese - null
[2021-10-18T07:30:38.481] [DEBUG] cheese - null
[2021-10-18T07:34:35.600] [DEBUG] cheese - login => username:admin,password:123456
[2021-10-18T07:34:35.600] [DEBUG] cheese - admin
[2021-10-18T07:34:35.603] [DEBUG] cheese - null
[2021-10-18T07:34:35.603] [DEBUG] cheese - null
[2021-10-18T19:03:39.018] [DEBUG] cheese - login => username:admin,password:123456
[2021-10-18T19:03:39.023] [DEBUG] cheese - admin
[2021-10-18T19:03:39.038] [DEBUG] cheese - null
[2021-10-18T19:03:39.039] [DEBUG] cheese - null
[2021-10-19T00:26:56.224] [DEBUG] cheese - login => username:admin,password:123456
[2021-10-19T00:26:56.227] [DEBUG] cheese - admin
[2021-10-19T00:26:56.235] [DEBUG] cheese - null
[2021-10-19T00:26:56.235] [DEBUG] cheese - null
[2021-10-19T01:48:02.674] [DEBUG] cheese - login => username:admin,password:123456
[2021-10-19T01:48:02.676] [DEBUG] cheese - admin
[2021-10-19T01:48:02.680] [DEBUG] cheese - null
[2021-10-19T01:48:02.682] [DEBUG] cheese - null
[2021-10-19T03:44:01.856] [DEBUG] cheese - login => username:admin,password:123456
[2021-10-19T03:44:01.876] [DEBUG] cheese - admin
[2021-10-19T03:44:01.894] [DEBUG] cheese - null
[2021-10-19T03:44:01.897] [DEBUG] cheese - null
[2021-10-19T03:44:46.794] [DEBUG] cheese - login => username:admin,password:123456
[2021-10-19T03:44:46.794] [DEBUG] cheese - admin
[2021-10-19T03:44:46.799] [DEBUG] cheese - null
[2021-10-19T03:44:46.799] [DEBUG] cheese - null
[2021-10-19T03:45:27.741] [DEBUG] cheese - login => username:admin,password:123456
[2021-10-19T03:45:27.741] [DEBUG] cheese - admin
[2021-10-19T03:45:27.746] [DEBUG] cheese - null
[2021-10-19T03:45:27.747] [DEBUG] cheese - null
[2021-10-19T03:45:37.104] [DEBUG] cheese - login => username:admin,password:123456
[2021-10-19T03:45:37.104] [DEBUG] cheese - admin
[2021-10-19T03:45:37.108] [DEBUG] cheese - null
[2021-10-19T03:45:37.108] [DEBUG] cheese - null
[2021-10-19T03:50:11.833] [DEBUG] cheese - login => username:admin,password:123456
[2021-10-19T03:50:11.833] [DEBUG] cheese - admin
[2021-10-19T03:50:11.836] [DEBUG] cheese - null
[2021-10-19T03:50:11.836] [DEBUG] cheese - null
[2021-10-19T06:53:21.864] [DEBUG] cheese - login => username:admin,password:123456
[2021-10-19T06:53:21.867] [DEBUG] cheese - admin
[2021-10-19T06:53:21.941] [DEBUG] cheese - null
[2021-10-19T06:53:21.942] [DEBUG] cheese - null
[2021-10-19T08:03:31.474] [DEBUG] cheese - login => username:admin,password:123456
[2021-10-19T08:03:31.475] [DEBUG] cheese - admin
[2021-10-19T08:03:31.482] [DEBUG] cheese - null
[2021-10-19T08:03:31.482] [DEBUG] cheese - null
[2021-10-19T17:55:20.334] [DEBUG] cheese - login => username:admin,password:123456
[2021-10-19T17:55:20.335] [DEBUG] cheese - admin
[2021-10-19T17:55:20.339] [DEBUG] cheese - null
[2021-10-19T17:55:20.340] [DEBUG] cheese - null
[2021-10-20T01:02:15.312] [DEBUG] cheese - login => username:admin,password:123456
[2021-10-20T01:02:15.316] [DEBUG] cheese - admin
[2021-10-20T01:02:15.323] [DEBUG] cheese - null
[2021-10-20T01:02:15.323] [DEBUG] cheese - null
[2021-10-20T17:48:58.745] [DEBUG] cheese - login => username:admin,password:123456
[2021-10-20T17:48:58.751] [DEBUG] cheese - admin
[2021-10-20T17:48:58.840] [DEBUG] cheese - null
[2021-10-20T17:48:58.842] [DEBUG] cheese - null
[2021-10-20T17:49:23.700] [DEBUG] cheese - login => username:admin,password:123456
[2021-10-20T17:49:23.700] [DEBUG] cheese - admin
[2021-10-20T17:49:23.707] [DEBUG] cheese - null
[2021-10-20T17:49:23.707] [DEBUG] cheese - null
[2021-10-20T18:06:34.332] [DEBUG] cheese - login => username:admin,password:123456
[2021-10-20T18:06:34.333] [DEBUG] cheese - admin
[2021-10-20T18:06:34.340] [DEBUG] cheese - null
[2021-10-20T18:06:34.340] [DEBUG] cheese - null
[2021-10-20T18:14:07.094] [DEBUG] cheese - login => username:admin,password:123456
[2021-10-20T18:14:07.094] [DEBUG] cheese - admin
[2021-10-20T18:14:07.099] [DEBUG] cheese - null
[2021-10-20T18:14:07.099] [DEBUG] cheese - null
[2021-10-20T20:51:21.401] [DEBUG] cheese - login => username:admin,password:123456
[2021-10-20T20:51:21.403] [DEBUG] cheese - admin
[2021-10-20T20:51:21.446] [DEBUG] cheese - null
[2021-10-20T20:51:21.446] [DEBUG] cheese - null
[2021-10-20T20:51:23.475] [DEBUG] cheese - login => username:admin,password:123456
[2021-10-20T20:51:23.475] [DEBUG] cheese - admin
[2021-10-20T20:51:23.478] [DEBUG] cheese - null
[2021-10-20T20:51:23.479] [DEBUG] cheese - null
[2021-10-20T22:38:18.042] [DEBUG] cheese - login => username:admin,password:123456
[2021-10-20T22:38:18.044] [DEBUG] cheese - admin
[2021-10-20T22:38:18.049] [DEBUG] cheese - null
[2021-10-20T22:38:18.050] [DEBUG] cheese - null
[2021-10-20T22:38:43.837] [DEBUG] cheese - login => username:admin,password:123456
[2021-10-20T22:38:43.837] [DEBUG] cheese - admin
[2021-10-20T22:38:43.839] [DEBUG] cheese - null
[2021-10-20T22:38:43.839] [DEBUG] cheese - null
[2021-10-21T07:29:11.514] [DEBUG] cheese - login => username:admin,password:123456
[2021-10-21T07:29:11.515] [DEBUG] cheese - admin
[2021-10-21T07:29:11.525] [DEBUG] cheese - null
[2021-10-21T07:29:11.525] [DEBUG] cheese - null
[2021-10-21T19:18:23.715] [DEBUG] cheese - login => username:admin,password:123456
[2021-10-21T19:18:23.718] [DEBUG] cheese - admin
[2021-10-21T19:18:23.731] [DEBUG] cheese - null
[2021-10-21T19:18:23.731] [DEBUG] cheese - null
[2021-10-21T21:28:36.769] [DEBUG] cheese - login => username:admin,password:123456
[2021-10-21T21:28:36.769] [DEBUG] cheese - admin
[2021-10-21T21:28:36.774] [DEBUG] cheese - null
[2021-10-21T21:28:36.774] [DEBUG] cheese - null
[2021-10-21T21:50:24.246] [DEBUG] cheese - login => username:admin,password:123456
[2021-10-21T21:50:24.249] [DEBUG] cheese - admin
[2021-10-21T21:50:24.252] [DEBUG] cheese - null
[2021-10-21T21:50:24.252] [DEBUG] cheese - null
[2021-10-22T10:32:11.941] [DEBUG] cheese - login => username:admin,password:123456
[2021-10-22T10:32:11.945] [DEBUG] cheese - admin
[2021-10-22T10:32:11.980] [DEBUG] cheese - null
[2021-10-22T10:32:11.980] [DEBUG] cheese - null
[2021-10-22T10:32:29.911] [DEBUG] cheese - login => username:admin,password:123456
[2021-10-22T10:32:29.911] [DEBUG] cheese - admin
[2021-10-22T10:32:29.913] [DEBUG] cheese - null
[2021-10-22T10:32:29.913] [DEBUG] cheese - null
[2021-10-22T17:48:43.196] [DEBUG] cheese - login => username:admin,password:123456
[2021-10-22T17:48:43.197] [DEBUG] cheese - admin
[2021-10-22T17:48:43.201] [DEBUG] cheese - null
[2021-10-22T17:48:43.202] [DEBUG] cheese - null
[2021-10-22T17:49:45.538] [DEBUG] cheese - login => username:admin,password:123456
[2021-10-22T17:49:45.539] [DEBUG] cheese - admin
[2021-10-22T17:49:45.543] [DEBUG] cheese - null
[2021-10-22T17:49:45.543] [DEBUG] cheese - null
[2021-10-24T04:28:20.522] [DEBUG] cheese - login => username:admin,password:123456
[2021-10-24T04:28:20.524] [DEBUG] cheese - admin
[2021-10-24T04:28:20.580] [DEBUG] cheese - null
[2021-10-24T04:28:20.580] [DEBUG] cheese - null
[2021-10-24T06:02:36.499] [DEBUG] cheese - login => username:admin,password:123456
[2021-10-24T06:02:36.500] [DEBUG] cheese - admin
[2021-10-24T06:02:36.508] [DEBUG] cheese - null
[2021-10-24T06:02:36.508] [DEBUG] cheese - null
[2021-10-24T19:26:32.234] [DEBUG] cheese - login => username:admin,password:123456
[2021-10-24T19:26:32.236] [DEBUG] cheese - admin
[2021-10-24T19:26:32.267] [DEBUG] cheese - null
[2021-10-24T19:26:32.268] [DEBUG] cheese - null
[2021-10-25T04:44:59.478] [DEBUG] cheese - login => username:admin,password:123456
[2021-10-25T04:44:59.482] [DEBUG] cheese - admin
[2021-10-25T04:44:59.499] [DEBUG] cheese - null
[2021-10-25T04:44:59.500] [DEBUG] cheese - null
[2021-10-25T08:21:18.517] [DEBUG] cheese - login => username:admin,password:123456
[2021-10-25T08:21:18.521] [DEBUG] cheese - admin
[2021-10-25T08:21:18.532] [DEBUG] cheese - null
[2021-10-25T08:21:18.534] [DEBUG] cheese - null
[2021-10-25T19:04:17.599] [DEBUG] cheese - login => username:admin,password:123456
[2021-10-25T19:04:17.602] [DEBUG] cheese - admin
[2021-10-25T19:04:17.607] [DEBUG] cheese - null
[2021-10-25T19:04:17.608] [DEBUG] cheese - null
[2021-10-25T19:04:56.377] [DEBUG] cheese - login => username:admin,password:123456
[2021-10-25T19:04:56.377] [DEBUG] cheese - admin
[2021-10-25T19:04:56.382] [DEBUG] cheese - null
[2021-10-25T19:04:56.382] [DEBUG] cheese - null
[2021-10-25T19:11:16.560] [DEBUG] cheese - login => username:admin,password:123456
[2021-10-25T19:11:16.564] [DEBUG] cheese - admin
[2021-10-25T19:11:16.574] [DEBUG] cheese - null
[2021-10-25T19:11:16.576] [DEBUG] cheese - null
[2021-10-25T19:31:33.532] [DEBUG] cheese - login => username:admin,password:123456
[2021-10-25T19:31:33.534] [DEBUG] cheese - admin
[2021-10-25T19:31:33.551] [DEBUG] cheese - null
[2021-10-25T19:31:33.552] [DEBUG] cheese - null
[2021-10-26T05:01:05.645] [DEBUG] cheese - login => username:admin,password:123456
[2021-10-26T05:01:05.650] [DEBUG] cheese - admin
[2021-10-26T05:01:05.658] [DEBUG] cheese - null
[2021-10-26T05:01:05.660] [DEBUG] cheese - null
[2021-10-26T05:09:07.161] [DEBUG] cheese - null
[2021-10-26T05:09:12.926] [DEBUG] cheese - null
[2021-10-26T05:09:25.262] [DEBUG] cheese - null
[2021-10-26T07:15:40.386] [DEBUG] cheese - null
[2021-10-26T07:19:36.893] [DEBUG] cheese - null
[2021-10-26T07:19:39.804] [DEBUG] cheese - null
[2021-10-26T07:19:44.953] [DEBUG] cheese - null
[2021-10-26T07:19:49.186] [DEBUG] cheese - null
[2021-10-26T07:20:06.550] [DEBUG] cheese - null
[2021-10-26T07:20:14.325] [DEBUG] cheese - null
[2021-10-26T07:34:10.922] [DEBUG] cheese - null
[2021-10-26T07:36:41.022] [DEBUG] cheese - null
[2021-10-26T07:36:54.913] [DEBUG] cheese - null
[2021-10-26T08:05:49.120] [DEBUG] cheese - null
[2021-10-26T08:27:13.105] [DEBUG] cheese - null
[2021-10-26T08:27:48.180] [DEBUG] cheese - null
[2021-10-26T08:28:02.188] [DEBUG] cheese - null
[2021-10-26T08:28:23.024] [DEBUG] cheese - null
[2021-10-26T08:28:32.746] [DEBUG] cheese - null
[2021-10-26T08:30:52.903] [DEBUG] cheese - null
[2021-10-26T08:31:07.472] [DEBUG] cheese - null
[2021-10-26T08:31:20.500] [DEBUG] cheese - null
[2021-10-26T08:31:47.297] [DEBUG] cheese - null
[2021-10-26T18:04:06.933] [DEBUG] cheese - null
[2021-10-26T18:04:17.277] [DEBUG] cheese - null
[2021-10-26T18:06:55.748] [DEBUG] cheese - null
[2021-10-26T18:09:00.929] [DEBUG] cheese - null
[2021-10-26T18:10:18.382] [DEBUG] cheese - null
[2021-10-26T18:10:24.343] [DEBUG] cheese - null
[2021-10-26T23:29:50.178] [DEBUG] cheese - login => username:admin,password:123456
[2021-10-26T23:29:50.182] [DEBUG] cheese - admin
[2021-10-26T23:29:50.211] [DEBUG] cheese - null
[2021-10-26T23:29:50.213] [DEBUG] cheese - null
[2021-10-26T23:32:42.948] [DEBUG] cheese - null
[2021-10-26T23:33:45.244] [DEBUG] cheese - null
[2021-10-26T23:33:47.502] [DEBUG] cheese - null
[2021-10-26T23:33:54.041] [DEBUG] cheese - null
[2021-10-26T23:33:55.372] [DEBUG] cheese - null
[2021-10-26T23:33:56.252] [DEBUG] cheese - null
[2021-10-26T23:34:06.932] [DEBUG] cheese - null
[2021-10-26T23:34:19.843] [DEBUG] cheese - null
[2021-10-26T23:54:36.330] [DEBUG] cheese - null
[2021-10-27T00:24:35.995] [DEBUG] cheese - login => username:admin,password:123456
[2021-10-27T00:24:36.000] [DEBUG] cheese - admin
[2021-10-27T00:24:36.020] [DEBUG] cheese - null
[2021-10-27T00:24:36.023] [DEBUG] cheese - null
[2021-10-29T21:14:31.554] [DEBUG] cheese - login => username:admin,password:123456
[2021-10-29T21:14:31.558] [DEBUG] cheese - admin
[2021-10-29T21:14:31.800] [DEBUG] cheese - null
[2021-10-29T21:14:31.803] [DEBUG] cheese - null
[2021-10-29T21:32:21.255] [DEBUG] cheese - login => username:admin,password:123456
[2021-10-29T21:32:21.256] [DEBUG] cheese - admin
[2021-10-29T21:32:21.259] [DEBUG] cheese - null
[2021-10-29T21:32:21.259] [DEBUG] cheese - null
[2021-10-29T23:36:47.745] [DEBUG] cheese - login => username:admin,password:123456
[2021-10-29T23:36:47.748] [DEBUG] cheese - admin
[2021-10-29T23:36:47.832] [DEBUG] cheese - null
[2021-10-29T23:36:47.833] [DEBUG] cheese - null
[2021-10-29T23:36:52.985] [DEBUG] cheese - login => username:admin,password:123456
[2021-10-29T23:36:52.986] [DEBUG] cheese - admin
[2021-10-29T23:36:52.993] [DEBUG] cheese - null
[2021-10-29T23:36:52.993] [DEBUG] cheese - null
[2021-10-30T00:08:50.587] [DEBUG] cheese - login => username:admin,password:123456
[2021-10-30T00:08:50.591] [DEBUG] cheese - admin
[2021-10-30T00:08:50.605] [DEBUG] cheese - null
[2021-10-30T00:08:50.607] [DEBUG] cheese - null
[2021-10-30T23:55:20.564] [DEBUG] cheese - login => username:admin,password:123456
[2021-10-30T23:55:20.571] [DEBUG] cheese - admin
[2021-10-30T23:55:20.603] [DEBUG] cheese - null
[2021-10-30T23:55:20.604] [DEBUG] cheese - null
[2021-10-31T07:55:55.746] [DEBUG] cheese - login => username:admin,password:123456
[2021-10-31T07:55:55.749] [DEBUG] cheese - admin
[2021-10-31T07:55:55.754] [DEBUG] cheese - null
[2021-10-31T07:55:55.755] [DEBUG] cheese - null
[2021-10-31T22:43:47.722] [DEBUG] cheese - login => username:admin,password:123456
[2021-10-31T22:43:47.728] [DEBUG] cheese - admin
[2021-10-31T22:43:47.744] [DEBUG] cheese - null
[2021-10-31T22:43:47.746] [DEBUG] cheese - null
[2021-11-01T01:42:30.481] [DEBUG] cheese - login => username:admin,password:123456
[2021-11-01T01:42:30.484] [DEBUG] cheese - admin
[2021-11-01T01:42:30.496] [DEBUG] cheese - null
[2021-11-01T01:42:30.496] [DEBUG] cheese - null
[2021-11-01T08:18:19.236] [DEBUG] cheese - login => username:admin,password:123456
[2021-11-01T08:18:19.242] [DEBUG] cheese - admin
[2021-11-01T08:18:19.302] [DEBUG] cheese - null
[2021-11-01T08:18:19.303] [DEBUG] cheese - null
[2021-11-01T17:26:23.016] [DEBUG] cheese - login => username:admin,password:123456
[2021-11-01T17:26:23.018] [DEBUG] cheese - admin
[2021-11-01T17:26:23.028] [DEBUG] cheese - null
[2021-11-01T17:26:23.029] [DEBUG] cheese - null
[2021-11-01T20:08:08.026] [DEBUG] cheese - null
[2021-11-01T20:09:11.288] [DEBUG] cheese - null
[2021-11-01T20:09:36.019] [DEBUG] cheese - null
[2021-11-01T20:12:02.511] [DEBUG] cheese - login => username:admin,password:123456
[2021-11-01T20:12:02.512] [DEBUG] cheese - admin
[2021-11-01T20:12:02.519] [DEBUG] cheese - null
[2021-11-01T20:12:02.520] [DEBUG] cheese - null
[2021-11-01T20:12:47.260] [DEBUG] cheese - null
[2021-11-01T20:13:32.982] [DEBUG] cheese - null
[2021-11-01T20:14:01.126] [DEBUG] cheese - null
[2021-11-01T20:14:06.036] [DEBUG] cheese - login => username:admin,password:123456
[2021-11-01T20:14:06.036] [DEBUG] cheese - admin
[2021-11-01T20:14:06.046] [DEBUG] cheese - null
[2021-11-01T20:14:06.047] [DEBUG] cheese - null
[2021-11-01T20:14:08.878] [DEBUG] cheese - null
[2021-11-01T20:14:25.198] [DEBUG] cheese - null
[2021-11-01T20:15:32.492] [DEBUG] cheese - null
[2021-11-01T20:15:45.406] [DEBUG] cheese - null
[2021-11-01T21:13:28.607] [DEBUG] cheese - null
[2021-11-01T21:16:28.131] [DEBUG] cheese - null
[2021-11-01T21:16:34.869] [DEBUG] cheese - null
[2021-11-01T21:16:45.865] [DEBUG] cheese - null
[2021-11-01T21:22:09.899] [DEBUG] cheese - null
[2021-11-01T22:07:28.546] [DEBUG] cheese - login => username:admin,password:123456
[2021-11-01T22:07:28.547] [DEBUG] cheese - admin
[2021-11-01T22:07:28.566] [DEBUG] cheese - null
[2021-11-01T22:07:28.566] [DEBUG] cheese - null
[2021-11-03T04:55:10.120] [DEBUG] cheese - login => username:admin,password:123456
[2021-11-03T04:55:10.125] [DEBUG] cheese - admin
[2021-11-03T04:55:10.201] [DEBUG] cheese - null
[2021-11-03T04:55:10.202] [DEBUG] cheese - null
[2021-11-05T08:12:51.447] [DEBUG] cheese - login => username:admin,password:123456
[2021-11-05T08:12:51.448] [DEBUG] cheese - admin
[2021-11-05T08:12:51.586] [DEBUG] cheese - null
[2021-11-05T08:12:51.587] [DEBUG] cheese - null
[2021-11-05T08:57:53.292] [DEBUG] cheese - login => username:admin,password:123456
[2021-11-05T08:57:53.295] [DEBUG] cheese - admin
[2021-11-05T08:57:53.305] [DEBUG] cheese - null
[2021-11-05T08:57:53.306] [DEBUG] cheese - null
[2021-11-07T18:02:11.578] [DEBUG] cheese - login => username:admin,password:123456
[2021-11-07T18:02:11.579] [DEBUG] cheese - admin
[2021-11-07T18:02:11.693] [DEBUG] cheese - null
[2021-11-07T18:02:11.694] [DEBUG] cheese - null
[2021-11-07T18:15:55.180] [DEBUG] cheese - login => username:admin,password:123456
[2021-11-07T18:15:55.180] [DEBUG] cheese - admin
[2021-11-07T18:15:55.182] [DEBUG] cheese - null
[2021-11-07T18:15:55.182] [DEBUG] cheese - null
[2021-11-07T18:17:18.591] [DEBUG] cheese - login => username:admin,password:123456
[2021-11-07T18:17:18.592] [DEBUG] cheese - admin
[2021-11-07T18:17:18.595] [DEBUG] cheese - null
[2021-11-07T18:17:18.595] [DEBUG] cheese - null
[2021-11-07T18:21:59.387] [DEBUG] cheese - login => username:admin,password:123456
[2021-11-07T18:21:59.387] [DEBUG] cheese - admin
[2021-11-07T18:21:59.389] [DEBUG] cheese - null
[2021-11-07T18:21:59.389] [DEBUG] cheese - null
[2021-11-07T18:22:10.808] [DEBUG] cheese - login => username:admin,password:123456
[2021-11-07T18:22:10.808] [DEBUG] cheese - admin
[2021-11-07T18:22:10.810] [DEBUG] cheese - null
[2021-11-07T18:22:10.810] [DEBUG] cheese - null
[2021-11-07T20:28:38.254] [DEBUG] cheese - login => username:admin,password:123456
[2021-11-07T20:28:38.257] [DEBUG] cheese - admin
[2021-11-07T20:28:38.374] [DEBUG] cheese - null
[2021-11-07T20:28:38.375] [DEBUG] cheese - null
[2021-11-07T20:29:03.769] [DEBUG] cheese - login => username:admin,password:123456
[2021-11-07T20:29:03.769] [DEBUG] cheese - admin
[2021-11-07T20:29:03.772] [DEBUG] cheese - null
[2021-11-07T20:29:03.772] [DEBUG] cheese - null
[2021-11-07T20:33:00.218] [DEBUG] cheese - login => username:admin,password:123456
[2021-11-07T20:33:00.220] [DEBUG] cheese - admin
[2021-11-07T20:33:00.224] [DEBUG] cheese - null
[2021-11-07T20:33:00.225] [DEBUG] cheese - null
[2021-11-08T00:39:56.118] [DEBUG] cheese - login => username:admin,password:123456
[2021-11-08T00:39:56.119] [DEBUG] cheese - admin
[2021-11-08T00:39:56.136] [DEBUG] cheese - null
[2021-11-08T00:39:56.137] [DEBUG] cheese - null
[2021-11-08T00:46:16.064] [DEBUG] cheese - login => username:admin,password:123456
[2021-11-08T00:46:16.065] [DEBUG] cheese - admin
[2021-11-08T00:46:16.069] [DEBUG] cheese - null
[2021-11-08T00:46:16.069] [DEBUG] cheese - null
[2021-11-08T18:08:23.638] [DEBUG] cheese - login => username:admin,password:123456
[2021-11-08T18:08:23.640] [DEBUG] cheese - admin
[2021-11-08T18:08:23.677] [DEBUG] cheese - null
[2021-11-08T18:08:23.677] [DEBUG] cheese - null
[2021-11-08T18:08:38.829] [DEBUG] cheese - login => username:admin,password:123456
[2021-11-08T18:08:38.829] [DEBUG] cheese - admin
[2021-11-08T18:08:38.832] [DEBUG] cheese - null
[2021-11-08T18:08:38.832] [DEBUG] cheese - null
[2021-11-08T19:40:57.382] [DEBUG] cheese - login => username:admin,password:123456
[2021-11-08T19:40:57.386] [DEBUG] cheese - admin
[2021-11-08T19:40:57.392] [DEBUG] cheese - null
[2021-11-08T19:40:57.393] [DEBUG] cheese - null
[2021-11-08T21:16:52.387] [DEBUG] cheese - login => username:admin,password:123456
[2021-11-08T21:16:52.389] [DEBUG] cheese - admin
[2021-11-08T21:16:52.415] [DEBUG] cheese - null
[2021-11-08T21:16:52.416] [DEBUG] cheese - null
[2021-11-08T21:46:14.157] [DEBUG] cheese - login => username:admin,password:123456
[2021-11-08T21:46:14.159] [DEBUG] cheese - admin
[2021-11-08T21:46:14.164] [DEBUG] cheese - null
[2021-11-08T21:46:14.164] [DEBUG] cheese - null
[2021-11-08T21:50:32.827] [DEBUG] cheese - login => username:admin,password:123456
[2021-11-08T21:50:32.829] [DEBUG] cheese - admin
[2021-11-08T21:50:32.833] [DEBUG] cheese - null
[2021-11-08T21:50:32.834] [DEBUG] cheese - null
[2021-11-08T22:07:01.367] [DEBUG] cheese - null
[2021-11-08T22:07:04.243] [DEBUG] cheese - null
[2021-11-08T22:07:06.780] [DEBUG] cheese - null
[2021-11-09T08:31:16.313] [DEBUG] cheese - login => username:admin,password:123456
[2021-11-09T08:31:16.315] [DEBUG] cheese - admin
[2021-11-09T08:31:16.397] [DEBUG] cheese - null
[2021-11-09T08:31:16.398] [DEBUG] cheese - null
[2021-11-09T08:39:04.666] [DEBUG] cheese - login => username:admin,password:123456
[2021-11-09T08:39:04.667] [DEBUG] cheese - admin
[2021-11-09T08:39:04.673] [DEBUG] cheese - null
[2021-11-09T08:39:04.674] [DEBUG] cheese - null
[2021-11-09T17:01:46.321] [DEBUG] cheese - login => username:admin,password:123456
[2021-11-09T17:01:46.325] [DEBUG] cheese - admin
[2021-11-09T17:01:46.376] [DEBUG] cheese - null
[2021-11-09T17:01:46.377] [DEBUG] cheese - null
[2021-11-09T17:22:38.052] [DEBUG] cheese - login => username:admin,password:123456
[2021-11-09T17:22:38.052] [DEBUG] cheese - admin
[2021-11-09T17:22:38.058] [DEBUG] cheese - null
[2021-11-09T17:22:38.059] [DEBUG] cheese - null
[2021-11-09T22:51:14.658] [DEBUG] cheese - null
[2021-11-09T23:05:58.700] [DEBUG] cheese - login => username:admin,password:123456
[2021-11-09T23:05:58.702] [DEBUG] cheese - admin
[2021-11-09T23:05:58.744] [DEBUG] cheese - null
[2021-11-09T23:05:58.744] [DEBUG] cheese - null
[2021-11-09T23:06:00.816] [DEBUG] cheese - login => username:admin,password:123456
[2021-11-09T23:06:00.816] [DEBUG] cheese - admin
[2021-11-09T23:06:00.818] [DEBUG] cheese - null
[2021-11-09T23:06:00.818] [DEBUG] cheese - null
[2021-11-09T23:33:27.550] [DEBUG] cheese - login => username:admin,password:123456
[2021-11-09T23:33:27.553] [DEBUG] cheese - admin
[2021-11-09T23:33:27.561] [DEBUG] cheese - null
[2021-11-09T23:33:27.561] [DEBUG] cheese - null
[2021-11-09T23:51:28.023] [DEBUG] cheese - null
[2021-11-10T00:44:10.245] [DEBUG] cheese - null
[2021-11-10T01:01:08.787] [DEBUG] cheese - null
[2021-11-10T01:15:34.855] [DEBUG] cheese - login => username:admin,password:123456
[2021-11-10T01:15:34.855] [DEBUG] cheese - admin
[2021-11-10T01:15:34.859] [DEBUG] cheese - null
[2021-11-10T01:15:34.859] [DEBUG] cheese - null
[2021-11-10T01:16:30.088] [DEBUG] cheese - null
[2021-11-10T02:27:58.664] [DEBUG] cheese - null
[2021-11-10T02:28:34.378] [DEBUG] cheese - null
[2021-11-10T02:28:55.454] [DEBUG] cheese - null
[2021-11-10T02:29:57.367] [DEBUG] cheese - null
[2021-11-10T02:30:45.228] [DEBUG] cheese - null
[2021-11-10T02:31:20.506] [DEBUG] cheese - null
[2021-11-10T02:31:39.018] [DEBUG] cheese - null
[2021-11-10T08:10:55.562] [DEBUG] cheese - null
[2021-11-10T08:27:41.221] [DEBUG] cheese - null
[2021-11-10T08:28:18.952] [DEBUG] cheese - null
[2021-11-10T08:29:07.216] [DEBUG] cheese - null
[2021-11-10T08:29:10.812] [DEBUG] cheese - null
[2021-11-10T08:30:20.825] [DEBUG] cheese - null
[2021-11-10T08:30:29.722] [DEBUG] cheese - null
[2021-11-10T08:30:37.190] [DEBUG] cheese - null
[2021-11-10T08:30:43.629] [DEBUG] cheese - null
[2021-11-10T08:30:49.703] [DEBUG] cheese - null
[2021-11-10T08:30:50.923] [DEBUG] cheese - null
[2021-11-10T08:31:38.406] [DEBUG] cheese - null
[2021-11-10T08:31:50.298] [DEBUG] cheese - null
[2021-11-10T08:31:55.733] [DEBUG] cheese - null
[2021-11-10T08:32:02.778] [DEBUG] cheese - null
[2021-11-10T08:32:29.711] [DEBUG] cheese - null
[2021-11-10T08:32:38.921] [DEBUG] cheese - null
[2021-11-10T08:32:41.021] [DEBUG] cheese - null
[2021-11-10T08:32:46.230] [DEBUG] cheese - null
[2021-11-10T08:33:00.032] [DEBUG] cheese - null
[2021-11-10T08:33:21.494] [DEBUG] cheese - null
[2021-11-10T08:33:24.196] [DEBUG] cheese - null
[2021-11-10T08:33:31.512] [DEBUG] cheese - null
[2021-11-10T08:33:46.507] [DEBUG] cheese - null
[2021-11-10T08:33:48.967] [DEBUG] cheese - null
[2021-11-10T08:33:52.052] [DEBUG] cheese - null
[2021-11-10T08:35:57.236] [DEBUG] cheese - null
[2021-11-10T08:36:31.347] [DEBUG] cheese - null
[2021-11-10T08:36:34.024] [DEBUG] cheese - null
[2021-11-10T08:37:18.531] [DEBUG] cheese - null
[2021-11-10T08:37:33.413] [DEBUG] cheese - null
[2021-11-10T08:37:36.039] [DEBUG] cheese - null
[2021-11-10T08:37:38.675] [DEBUG] cheese - null
[2021-11-10T08:37:39.298] [DEBUG] cheese - null
[2021-11-10T08:37:39.614] [DEBUG] cheese - null
[2021-11-10T08:37:41.951] [DEBUG] cheese - null
[2021-11-10T08:40:56.943] [DEBUG] cheese - null
[2021-11-10T08:40:59.715] [DEBUG] cheese - null
[2021-11-10T08:41:47.282] [DEBUG] cheese - null
[2021-11-10T08:41:50.816] [DEBUG] cheese - null
[2021-11-10T08:41:52.890] [DEBUG] cheese - null
[2021-11-10T08:47:37.737] [DEBUG] cheese - null
[2021-11-10T08:47:40.626] [DEBUG] cheese - null
[2021-11-10T08:47:44.727] [DEBUG] cheese - null
[2021-11-10T08:48:05.622] [DEBUG] cheese - null
[2021-11-10T08:48:41.469] [DEBUG] cheese - null
[2021-11-10T08:48:51.625] [DEBUG] cheese - null
[2021-11-10T08:49:03.829] [DEBUG] cheese - null
[2021-11-10T08:49:10.314] [DEBUG] cheese - null
[2021-11-10T08:49:57.362] [DEBUG] cheese - null
[2021-11-10T08:50:06.040] [DEBUG] cheese - null
[2021-11-10T22:02:59.638] [DEBUG] cheese - login => username:admin,password:123456
[2021-11-10T22:02:59.640] [DEBUG] cheese - admin
[2021-11-10T22:02:59.712] [DEBUG] cheese - null
[2021-11-10T22:02:59.713] [DEBUG] cheese - null
[2021-11-10T22:03:16.481] [DEBUG] cheese - null
[2021-11-10T22:03:49.926] [DEBUG] cheese - login => username:admin,password:123456
[2021-11-10T22:03:49.927] [DEBUG] cheese - admin
[2021-11-10T22:03:49.929] [DEBUG] cheese - null
[2021-11-10T22:03:49.929] [DEBUG] cheese - null
[2021-11-10T22:06:43.321] [DEBUG] cheese - login => username:admin,password:123456
[2021-11-10T22:06:43.321] [DEBUG] cheese - admin
[2021-11-10T22:06:43.323] [DEBUG] cheese - null
[2021-11-10T22:06:43.323] [DEBUG] cheese - null
[2021-11-10T22:07:15.966] [DEBUG] cheese - null
[2021-11-10T22:07:31.094] [DEBUG] cheese - null
[2021-11-10T22:07:54.029] [DEBUG] cheese - null
[2021-11-10T22:15:35.146] [DEBUG] cheese - null
[2021-11-10T22:16:18.471] [DEBUG] cheese - null
[2021-11-10T22:20:13.474] [DEBUG] cheese - null
[2021-11-10T22:21:16.613] [DEBUG] cheese - null
[2021-11-10T22:21:56.426] [DEBUG] cheese - null
[2021-11-10T22:22:56.635] [DEBUG] cheese - null
[2021-11-10T22:24:12.420] [DEBUG] cheese - null
[2021-11-10T22:28:36.503] [DEBUG] cheese - null
[2021-11-10T22:28:52.952] [DEBUG] cheese - null
[2021-11-10T22:29:03.675] [DEBUG] cheese - null
[2021-11-10T22:31:12.634] [DEBUG] cheese - null
[2021-11-10T22:31:26.497] [DEBUG] cheese - null
[2021-11-10T22:32:57.589] [DEBUG] cheese - null
[2021-11-10T22:33:15.943] [DEBUG] cheese - null
[2021-11-10T22:34:52.926] [DEBUG] cheese - null
[2021-11-10T22:35:13.321] [DEBUG] cheese - null
[2021-11-10T22:35:15.619] [DEBUG] cheese - null
[2021-11-10T22:35:20.512] [DEBUG] cheese - null
[2021-11-10T22:35:22.489] [DEBUG] cheese - null
[2021-11-10T22:35:26.318] [DEBUG] cheese - null
[2021-11-10T23:36:31.705] [DEBUG] cheese - login => username:admin,password:123456
[2021-11-10T23:36:31.706] [DEBUG] cheese - admin
[2021-11-10T23:36:31.709] [DEBUG] cheese - null
[2021-11-10T23:36:31.710] [DEBUG] cheese - null
[2021-11-11T02:31:23.389] [DEBUG] cheese - login => username:admin,password:123456
[2021-11-11T02:31:23.390] [DEBUG] cheese - admin
[2021-11-11T02:31:23.483] [DEBUG] cheese - null
[2021-11-11T02:31:23.484] [DEBUG] cheese - null
[2021-11-11T05:43:11.234] [DEBUG] cheese - login => username:admin,password:123456
[2021-11-11T05:43:11.236] [DEBUG] cheese - admin
[2021-11-11T05:43:11.239] [DEBUG] cheese - null
[2021-11-11T05:43:11.239] [DEBUG] cheese - null
[2021-11-11T23:53:08.970] [DEBUG] cheese - login => username:admin,password:123456
[2021-11-11T23:53:08.974] [DEBUG] cheese - admin
[2021-11-11T23:53:08.985] [DEBUG] cheese - null
[2021-11-11T23:53:08.986] [DEBUG] cheese - null
[2021-11-12T05:29:23.681] [DEBUG] cheese - login => username:admin,password:123456
[2021-11-12T05:29:23.683] [DEBUG] cheese - admin
[2021-11-12T05:29:23.690] [DEBUG] cheese - null
[2021-11-12T05:29:23.690] [DEBUG] cheese - null
[2021-11-12T06:12:15.245] [DEBUG] cheese - login => username:admin,password:123456
[2021-11-12T06:12:15.247] [DEBUG] cheese - admin
[2021-11-12T06:12:15.252] [DEBUG] cheese - null
[2021-11-12T06:12:15.252] [DEBUG] cheese - null
